-------------------------------------------------------------------------------
Test set: tests.RunnerTest
-------------------------------------------------------------------------------
Tests run: 4, Failures: 1, Errors: 0, Skipped: 0, Time elapsed: 114.458 s <<< FAILURE! - in tests.RunnerTest
Тест Яндекс маркета.Проверка по категории "Мебель-Компьютерные кресла-SIGNAL"  Time elapsed: 22.951 s  <<< FAILURE!
org.opentest4j.AssertionFailedError: Производитель SIGNAL не найден

